[INFO 20:20:45] root Saving to FileStorageObserver in results/sacred.
[DEBUG 20:20:45] pymarl Using capture mode "fd"
[INFO 20:20:45] pymarl Running command 'my_main'
[INFO 20:20:45] pymarl Started run with ID "1"
[DEBUG 20:20:45] pymarl Starting Heartbeat
[DEBUG 20:20:45] my_main Started
[WARNING 20:20:45] my_main CUDA flag use_cuda was switched OFF automatically because no CUDA devices are available!
[INFO 20:20:45] my_main Experiment Parameters:
[INFO 20:20:45] my_main 

{   'action_selector': 'epsilon_greedy',
    'additional_update': True,
    'adv_hypernet_embed': 64,
    'adv_hypernet_layers': 1,
    'agent': 'rnn_fast',
    'agent_output_type': 'q',
    'atol_memory': 0.0013,
    'attend_reg_coef': 0.001,
    'batch_size': 32,
    'batch_size_run': 1,
    'buffer_cpu_only': False,
    'buffer_size': 5000,
    'buffer_size_update': 5000,
    'burn_in_period': 32,
    'checkpoint_path': '',
    'config_name': 'EMU_sc2',
    'critic_lr': 0.0005,
    'curiosity_decay': True,
    'curiosity_decay_cycle': 100000,
    'curiosity_decay_rate': 0.9,
    'curiosity_decay_stop': 0.0,
    'curiosity_scale': 0.001,
    'delta_cover_type': 1,
    'double_q': True,
    'ec_buffer_embedder_update_interval': 10000,
    'ec_buffer_stats_update_interval': 200,
    'emb_out_type': 3,
    'emb_training_batch': 204800,
    'emb_training_mini_batch': 2048,
    'emdqn_buffer_size': 1000000,
    'emdqn_latent_dim': 4,
    'emdqn_loss_weight': 0.1,
    'encoder_type': 1,
    'env': 'sc2',
    'env_args': {   'continuing_episode': False,
                    'debug': False,
                    'difficulty': '7',
                    'game_version': None,
                    'heuristic_ai': False,
                    'heuristic_rest': False,
                    'map_name': '3s_vs_5z',
                    'move_amount': 2,
                    'obs_all_health': True,
                    'obs_instead_of_state': False,
                    'obs_last_action': False,
                    'obs_own_health': True,
                    'obs_pathing_grid': False,
                    'obs_terrain_height': False,
                    'obs_timestep_number': False,
                    'replay_dir': '',
                    'replay_prefix': '',
                    'reward_death_value': 10,
                    'reward_defeat': 0,
                    'reward_negative_scale': 0.5,
                    'reward_only_positive': True,
                    'reward_scale': True,
                    'reward_scale_rate': 20,
                    'reward_sparse': False,
                    'reward_win': 200,
                    'seed': 355432752,
                    'state_last_action': True,
                    'state_timestep_number': False,
                    'step_mul': 8},
    'epsilon_anneal_time': 50000,
    'epsilon_finish': 0.05,
    'epsilon_start': 1.0,
    'evaluate': False,
    'experiment_name': '5m_vs_6m',
    'fixed_delta': True,
    'flag_init_desirability': False,
    'flag_memory_cnt_reset': False,
    'flag_stats_norm': True,
    'gamma': 0.99,
    'grad_norm_clip': 10,
    'hypernet_embed': 64,
    'individual_q_loss_weight': 0.01,
    'is_adv_attention': True,
    'is_batch_rl': False,
    'is_from_start': True,
    'is_minus_one': True,
    'is_prioritized_buffer': False,
    'is_save_buffer': False,
    'is_stop_gradient': True,
    'joint_random_policy_eps': 0.0,
    'label': 'default_label',
    'lambda_kl': 0.0001,
    'lambda_s': 0.1,
    'learner': 'qplex_curiosity_vdn_learner',
    'learner_log_interval': 10000,
    'load_buffer_id': 0,
    'load_step': 0,
    'local_results_path': 'results',
    'log_interval': 10000,
    'lr': 0.0005,
    'mac': 'fast_mac',
    'mask_dead': False,
    'memory_emb_type': 1,
    'mixer': 'dmaq_qatten',
    'mixing_embed_dim': 32,
    'n_head': 4,
    'name': 'EMU_sc2',
    'nonlinear': False,
    'num_circle': 1,
    'num_kernel': 4,
    'obs_agent_id': True,
    'obs_last_action': True,
    'optim_alpha': 0.99,
    'optim_eps': 1e-05,
    'optimality_incentive': True,
    'optimality_type': 1,
    'predict2_vdn_target': True,
    'predict_vdn_target': True,
    'prioritized_buffer_alpha': 0.5,
    'repeat_id': 1,
    'rnn_hidden_dim': 64,
    'rtol_memory': 0.0,
    'runner': 'episode',
    'runner_log_interval': 10000,
    'save_buffer': False,
    'save_buffer_id': 0,
    'save_buffer_interval': 1000,
    'save_buffer_size': 10000,
    'save_memory_info': True,
    'save_model': True,
    'save_model_interval': 1000000,
    'save_replay': False,
    'seed': 355432752,
    'soft_update_tau': 0.005,
    'state_bias': True,
    't_EC_update': 0,
    't_max': 2050000,
    'target_update_interval': 200,
    'test_greedy': True,
    'test_interval': 10000,
    'test_nepisode': 32,
    'use_AEM': True,
    'use_cuda': False,
    'use_double_predict': False,
    'use_emdqn': True,
    'use_individual_Q': False,
    'use_qtotal_td': False,
    'use_tensorboard': True,
    'vdn_soft_update': True,
    'weighted_head': False}

[INFO 20:20:45] my_main saving tb_logs to results/tb_logs/sc2/3s_vs_5z/EMU_sc2__2025-02-19_20-20-45
[INFO 20:20:46] my_main Beginning training for 2050000 timesteps
[INFO 20:20:46] absl Launching SC2: /home/renzo.felix/pruebas/MLRC-EMU/src/EMU_release_pymarl/3rdparty/StarCraftII/Versions/Base69232/SC2_x64 -listen 127.0.0.1 -port 39273 -dataDir /home/renzo.felix/pruebas/MLRC-EMU/src/EMU_release_pymarl/3rdparty/StarCraftII/ -tempDir /tmp/sc-83wa5h0w/ -eglpath libEGL.so.1
[INFO 20:20:46] absl Connecting to: ws://127.0.0.1:39273/sc2api, attempt: 0, running: True
Version: B69232 (SC2.4.6-Publish)
Build: Oct 23 2018 01:43:04
Command Line: '"/home/renzo.felix/pruebas/MLRC-EMU/src/EMU_release_pymarl/3rdparty/StarCraftII/Versions/Base69232/SC2_x64" -listen 127.0.0.1 -port 39273 -dataDir /home/renzo.felix/pruebas/MLRC-EMU/src/EMU_release_pymarl/3rdparty/StarCraftII/ -tempDir /tmp/sc-83wa5h0w/ -eglpath libEGL.so.1'
Starting up...
Startup Phase 1 complete
[INFO 20:20:47] absl Connecting to: ws://127.0.0.1:39273/sc2api, attempt: 1, running: True
Startup Phase 2 complete
Attempting to initialize EGL from file libEGL.so.1 ...
Successfully loaded EGL library!
libEGL warning: MESA-LOADER: failed to open swrast: /usr/lib64/dri/swrast_dri.so: cannot open shared object file: No such file or directory (search paths /usr/lib64/dri, suffix _dri)

libEGL warning: MESA-LOADER: failed to open swrast: /usr/lib64/dri/swrast_dri.so: cannot open shared object file: No such file or directory (search paths /usr/lib64/dri, suffix _dri)

Failed to create and initialize a valid EGL display! Devices tried: 1

CreateInitializedEGLDisplay Failed.
Failed to initialize GL framework
Creating stub renderer...
Listening on: 127.0.0.1:39273
Startup Phase 3 complete. Ready for commands.
[INFO 20:20:48] absl Connecting to: ws://127.0.0.1:39273/sc2api, attempt: 2, running: True
Requesting to join a single player game
Configuring interface options
Configure: raw interface enabled
Configure: feature layer interface disabled
Configure: score interface disabled
Configure: render interface disabled
Entering load game phase.
Launching next game.
Next launch phase started: 2
Next launch phase started: 3
Next launch phase started: 4
Next launch phase started: 5
Next launch phase started: 6
Next launch phase started: 7
Next launch phase started: 8
Game has started.
Sending ResponseJoinGame
/home/renzo.felix/pruebas/MLRC-EMU/src/EMU_release_pymarl/src/components/episode_buffer.py:105: UserWarning: Creating a tensor from a list of numpy.ndarrays is extremely slow. Please consider converting the list to a single numpy.ndarray with numpy.array() before converting to a tensor. (Triggered internally at  /opt/conda/conda-bld/pytorch_1659484810403/work/torch/csrc/utils/tensor_new.cpp:201.)
  v = th.tensor(v, dtype=dtype, device=self.device)
/home/renzo.felix/pruebas/MLRC-EMU/src/EMU_release_pymarl/src/components/episode_buffer.py:105: UserWarning: To copy construct from a tensor, it is recommended to use sourceTensor.clone().detach() or sourceTensor.clone().detach().requires_grad_(True), rather than torch.tensor(sourceTensor).
  v = th.tensor(v, dtype=dtype, device=self.device)
[INFO 20:20:56] my_main t_env: 35 / 2050000
[INFO 20:20:56] my_main Estimated time left: 32 minutes, 35 seconds. Time passed: 9 seconds
[INFO 20:21:10] my_main Saving models to results/models/EMU_sc2_3s_vs_5z/EMU_sc2__2025-02-19_20-20-45/35
[INFO 20:23:05] my_main Recent Stats | t_env:      10029 | Episode:      184
battle_won_mean:           0.0000	curiosity_decay_cycle:   100000.0000	curiosity_decay_rate:      0.9000	curiosity_decay_stop:      0.0000
curiosity_scale:           0.0010	ep_length_mean:          106.0000	epsilon:                   1.0000	grad_norm:                 0.8671
loss:                      0.0421	num_circle:                1.0000	q_taken_mean:             -0.0282	return_mean:               3.6400
return_std:                0.0000	target_mean:               0.0149	td_error_abs:              0.1483	test_battle_won_mean:      0.0000
test_ep_length_mean:     250.0000	test_return_mean:          0.0000	test_return_std:           0.0000	vdn extrinsic rewards:     0.0683
vdn grad_norm:             1.1732	vdn hit_prob:              0.4051	vdn intrinsic rewards:     0.0040	vdn loss:                  0.1693
vdn prediction loss:       3.9579	vdn q_taken_mean:         -0.0465	vdn target_mean:           0.0609	vdn td_error_abs:          0.3228

[INFO 20:23:11] my_main t_env: 10149 / 2050000
[INFO 20:23:11] my_main Estimated time left: 15 hours, 47 minutes, 6 seconds. Time passed: 4 minutes, 48 seconds
[INFO 20:24:09] my_main Updated target network
[INFO 20:24:10] my_main Updated target network
[INFO 20:25:40] my_main Updated target network
[INFO 20:25:41] my_main Updated target network
